<?xml version="1.0" encoding="UTF-8"?>
<testsuite name="com.testing.phoneBook.RegistrationTest" tests="4" skipped="0" failures="0" errors="0" timestamp="2023-08-25T19:54:59" hostname="LAPTOP-S6CLRRA2" time="3.62">
  <properties/>
  <testcase name="negativeRegistrationLoginTest" classname="com.testing.phoneBook.RegistrationTest" time="0.273"/>
  <testcase name="negativeRegistrationNonConfirmPasswordTest" classname="com.testing.phoneBook.RegistrationTest" time="1.018"/>
  <testcase name="negativeRegistrationNotConfirmPasswordTest" classname="com.testing.phoneBook.RegistrationTest" time="0.482"/>
  <testcase name="positiveRegistrationTest" classname="com.testing.phoneBook.RegistrationTest" time="0.723"/>
  <system-out><![CDATA[]]></system-out>
  <system-err><![CDATA[]]></system-err>
</testsuite>
